d:\working\backup_pj\trainingfw\proj\win32\debug\trainingfw.pch
d:\working\backup_pj\trainingfw\proj\win32\debug\vc120.pdb
d:\working\backup_pj\trainingfw\proj\win32\debug\vc120.idb
d:\working\backup_pj\trainingfw\proj\win32\debug\stdafx.obj
d:\working\backup_pj\trainingfw\proj\win32\debug\program.obj
d:\working\backup_pj\trainingfw\proj\win32\debug\texture.obj
d:\working\backup_pj\trainingfw\proj\win32\debug\button.obj
d:\working\backup_pj\trainingfw\proj\win32\debug\camera.obj
d:\working\backup_pj\trainingfw\proj\win32\debug\fish.obj
d:\working\backup_pj\trainingfw\proj\win32\debug\gamemanager.obj
d:\working\backup_pj\trainingfw\proj\win32\debug\item.obj
d:\working\backup_pj\trainingfw\proj\win32\debug\jumppointsearch.obj
d:\working\backup_pj\trainingfw\proj\win32\debug\levelmenu.obj
d:\working\backup_pj\trainingfw\proj\win32\debug\map.obj
d:\working\backup_pj\trainingfw\proj\win32\debug\menumanager.obj
d:\working\backup_pj\trainingfw\proj\win32\debug\minimap.obj
d:\working\backup_pj\trainingfw\proj\win32\debug\object.obj
d:\working\backup_pj\trainingfw\proj\win32\debug\player.obj
d:\working\backup_pj\trainingfw\proj\win32\debug\processor.obj
d:\working\backup_pj\trainingfw\proj\win32\debug\resourcemanager.obj
d:\working\backup_pj\trainingfw\proj\win32\debug\scenemanager.obj
d:\working\backup_pj\trainingfw\proj\win32\debug\shark.obj
d:\working\backup_pj\trainingfw\proj\win32\debug\tga.obj
d:\working\backup_pj\trainingfw\proj\win32\debug\main.obj
d:\working\backup_pj\trainingfw\proj\win32\debug\game.obj
d:\working\backup_pj\trainingfw\proj\win32\debug\inputmanager.obj
d:\working\backup_pj\trainingfw\proj\win32\debug\platformandroid.obj
d:\working\backup_pj\trainingfw\proj\win32\debug\platformwin32.obj
d:\working\backup_pj\trainingfw\proj\win32\debug\fpslimiter.obj
d:\working\backup_pj\trainingfw\proj\win32\debug\math3d.obj
d:\working\backup_pj\trainingfw\bin\trainingfw.ilk
d:\working\backup_pj\trainingfw\bin\trainingfw.exe
d:\working\backup_pj\trainingfw\bin\trainingfw.pdb
d:\working\backup_pj\trainingfw\proj\win32\..\..\bin\trainingfw.pdb
d:\working\backup_pj\trainingfw\proj\win32\..\..\bin\trainingfw.exe
d:\working\backup_pj\trainingfw\proj\win32\..\..\bin\trainingfw.ilk
d:\working\backup_pj\trainingfw\proj\win32\debug\trainingfw.tlog\cl.command.1.tlog
d:\working\backup_pj\trainingfw\proj\win32\debug\trainingfw.tlog\cl.read.1.tlog
d:\working\backup_pj\trainingfw\proj\win32\debug\trainingfw.tlog\cl.write.1.tlog
d:\working\backup_pj\trainingfw\proj\win32\debug\trainingfw.tlog\link.command.1.tlog
d:\working\backup_pj\trainingfw\proj\win32\debug\trainingfw.tlog\link.read.1.tlog
d:\working\backup_pj\trainingfw\proj\win32\debug\trainingfw.tlog\link.write.1.tlog
